# JRE version: Java(TM) SE Runtime Environment (22.0.2+9) (build 22.0.2+9-70)
# Java VM: Java HotSpot(TM) 64-Bit Server VM (22.0.2+9-70, mixed mode, sharing, tiered, compressed oops, compressed class ptrs, g1 gc, windows-amd64)
GC Precious Log:
 CardTable entry size: 512
 Card Set container configuration: InlinePtr #cards 5 size 8 Array Of Cards #cards 12 size 40 Howl #buckets 4 coarsen threshold 1843 Howl Bitmap #cards 512 size 80 coarsen threshold 460 Card regions per heap region 1 cards per card region 2048
 CPUs: 8 total, 8 available
 Memory: 7860M
 Large Page Support: Disabled
 NUMA Support: Disabled
 Compressed Oops: Enabled (32-bit)
 Heap Region Size: 1M
 Heap Min Capacity: 8M
 Heap Initial Capacity: 124M
 Heap Max Capacity: 2G
 Pre-touch: Disabled
 Parallel Workers: 8
 Concurrent Workers: 2
 Concurrent Refinement Workers: 8
 Periodic GC: Disabled
Heap:
 garbage-first heap   total reserved 2097152K, committed 209920K, used 170578K [0x0000000080000000, 0x0000000100000000)
  region size 1024K, 72 young (73728K), 2 survivors (2048K)
 Metaspace       used 84830K, committed 88512K, reserved 1179648K
  class space    used 11897K, committed 13504K, reserved 1048576K
GC Heap History (20 events):
Event: 3546.993 GC heap before
{Heap before GC invocations=42 (full 0):
 garbage-first heap   total reserved 2097152K, committed 194560K, used 144576K [0x0000000080000000, 0x0000000100000000)
  region size 1024K, 35 young (35840K), 9 survivors (9216K)
 Metaspace       used 85697K, committed 88064K, reserved 1179648K
  class space    used 12348K, committed 13504K, reserved 1048576K
}
Event: 3547.008 GC heap after
{Heap after GC invocations=43 (full 0):
 garbage-first heap   total reserved 2097152K, committed 194560K, used 125346K [0x0000000080000000, 0x0000000100000000)
  region size 1024K, 5 young (5120K), 5 survivors (5120K)
 Metaspace       used 85697K, committed 88064K, reserved 1179648K
  class space    used 12348K, committed 13504K, reserved 1048576K
}
Event: 3549.025 GC heap before
{Heap before GC invocations=44 (full 0):
 garbage-first heap   total reserved 2097152K, committed 209920K, used 171426K [0x0000000080000000, 0x0000000100000000)
  region size 1024K, 50 young (51200K), 5 survivors (5120K)
 Metaspace       used 83574K, committed 88192K, reserved 1179648K
  class space    used 11776K, committed 13504K, reserved 1048576K
}
Event: 3549.033 GC heap after
{Heap after GC invocations=45 (full 0):
 garbage-first heap   total reserved 2097152K, committed 209920K, used 130613K [0x0000000080000000, 0x0000000100000000)
  region size 1024K, 5 young (5120K), 5 survivors (5120K)
 Metaspace       used 83574K, committed 88192K, reserved 1179648K
  class space    used 11776K, committed 13504K, reserved 1048576K
}
Event: 3552.724 GC heap before
{Heap before GC invocations=45 (full 0):
 garbage-first heap   total reserved 2097152K, committed 209920K, used 183861K [0x0000000080000000, 0x0000000100000000)
  region size 1024K, 58 young (59392K), 5 survivors (5120K)
 Metaspace       used 83755K, committed 88192K, reserved 1179648K
  class space    used 11813K, committed 13504K, reserved 1048576K
}
Event: 3552.736 GC heap after
{Heap after GC invocations=46 (full 0):
 garbage-first heap   total reserved 2097152K, committed 209920K, used 115721K [0x0000000080000000, 0x0000000100000000)
  region size 1024K, 1 young (1024K), 1 survivors (1024K)
 Metaspace       used 83755K, committed 88192K, reserved 1179648K
  class space    used 11813K, committed 13504K, reserved 1048576K
}
Event: 3559.686 GC heap before
{Heap before GC invocations=46 (full 0):
 garbage-first heap   total reserved 2097152K, committed 209920K, used 185353K [0x0000000080000000, 0x0000000100000000)
  region size 1024K, 67 young (68608K), 1 survivors (1024K)
 Metaspace       used 83937K, committed 88192K, reserved 1179648K
  class space    used 11841K, committed 13504K, reserved 1048576K
}
Event: 3559.708 GC heap after
{Heap after GC invocations=47 (full 0):
 garbage-first heap   total reserved 2097152K, committed 209920K, used 109524K [0x0000000080000000, 0x0000000100000000)
  region size 1024K, 4 young (4096K), 4 survivors (4096K)
 Metaspace       used 83937K, committed 88192K, reserved 1179648K
  class space    used 11841K, committed 13504K, reserved 1048576K
}
Event: 5523.515 GC heap before
{Heap before GC invocations=47 (full 0):
 garbage-first heap   total reserved 2097152K, committed 209920K, used 182228K [0x0000000080000000, 0x0000000100000000)
  region size 1024K, 76 young (77824K), 4 survivors (4096K)
 Metaspace       used 84499K, committed 88320K, reserved 1179648K
  class space    used 11899K, committed 13504K, reserved 1048576K
}
Event: 5523.630 GC heap after
{Heap after GC invocations=48 (full 0):
 garbage-first heap   total reserved 2097152K, committed 209920K, used 111647K [0x0000000080000000, 0x0000000100000000)
  region size 1024K, 6 young (6144K), 6 survivors (6144K)
 Metaspace       used 84499K, committed 88320K, reserved 1179648K
  class space    used 11899K, committed 13504K, reserved 1048576K
}
Event: 6564.942 GC heap before
{Heap before GC invocations=49 (full 0):
 garbage-first heap   total reserved 2097152K, committed 209920K, used 184351K [0x0000000080000000, 0x0000000100000000)
  region size 1024K, 79 young (80896K), 6 survivors (6144K)
 Metaspace       used 84773K, committed 88384K, reserved 1179648K
  class space    used 11964K, committed 13504K, reserved 1048576K
}
Event: 6564.992 GC heap after
{Heap after GC invocations=50 (full 0):
 garbage-first heap   total reserved 2097152K, committed 209920K, used 123006K [0x0000000080000000, 0x0000000100000000)
  region size 1024K, 10 young (10240K), 10 survivors (10240K)
 Metaspace       used 84773K, committed 88384K, reserved 1179648K
  class space    used 11964K, committed 13504K, reserved 1048576K
}
Event: 7238.883 GC heap before
{Heap before GC invocations=50 (full 0):
 garbage-first heap   total reserved 2097152K, committed 209920K, used 182398K [0x0000000080000000, 0x0000000100000000)
  region size 1024K, 69 young (70656K), 10 survivors (10240K)
 Metaspace       used 84888K, committed 88448K, reserved 1179648K
  class space    used 11970K, committed 13504K, reserved 1048576K
}
Event: 7239.046 GC heap after
{Heap after GC invocations=51 (full 0):
 garbage-first heap   total reserved 2097152K, committed 209920K, used 116284K [0x0000000080000000, 0x0000000100000000)
  region size 1024K, 6 young (6144K), 6 survivors (6144K)
 Metaspace       used 84888K, committed 88448K, reserved 1179648K
  class space    used 11970K, committed 13504K, reserved 1048576K
}
Event: 8135.428 GC heap before
{Heap before GC invocations=51 (full 0):
 garbage-first heap   total reserved 2097152K, committed 209920K, used 184892K [0x0000000080000000, 0x0000000100000000)
  region size 1024K, 73 young (74752K), 6 survivors (6144K)
 Metaspace       used 84941K, committed 88448K, reserved 1179648K
  class space    used 11972K, committed 13504K, reserved 1048576K
}
Event: 8135.568 GC heap after
{Heap after GC invocations=52 (full 0):
 garbage-first heap   total reserved 2097152K, committed 209920K, used 112386K [0x0000000080000000, 0x0000000100000000)
  region size 1024K, 2 young (2048K), 2 survivors (2048K)
 Metaspace       used 84941K, committed 88448K, reserved 1179648K
  class space    used 11972K, committed 13504K, reserved 1048576K
}
Event: 12417.110 GC heap before
{Heap before GC invocations=53 (full 0):
 garbage-first heap   total reserved 2097152K, committed 209920K, used 179970K [0x0000000080000000, 0x0000000100000000)
  region size 1024K, 76 young (77824K), 2 survivors (2048K)
 Metaspace       used 84347K, committed 88448K, reserved 1179648K
  class space    used 11826K, committed 13504K, reserved 1048576K
}
Event: 12417.303 GC heap after
{Heap after GC invocations=54 (full 0):
 garbage-first heap   total reserved 2097152K, committed 209920K, used 103862K [0x0000000080000000, 0x0000000100000000)
  region size 1024K, 2 young (2048K), 2 survivors (2048K)
 Metaspace       used 84347K, committed 88448K, reserved 1179648K
  class space    used 11826K, committed 13504K, reserved 1048576K
}
Event: 17147.078 GC heap before
{Heap before GC invocations=54 (full 0):
 garbage-first heap   total reserved 2097152K, committed 209920K, used 191926K [0x0000000080000000, 0x0000000100000000)
  region size 1024K, 88 young (90112K), 2 survivors (2048K)
 Metaspace       used 84349K, committed 88448K, reserved 1179648K
  class space    used 11826K, committed 13504K, reserved 1048576K
}
Event: 17147.232 GC heap after
{Heap after GC invocations=55 (full 0):
 garbage-first heap   total reserved 2097152K, committed 209920K, used 100946K [0x0000000080000000, 0x0000000100000000)
  region size 1024K, 2 young (2048K), 2 survivors (2048K)
 Metaspace       used 84349K, committed 88448K, reserved 1179648K
  class space    used 11826K, committed 13504K, reserved 1048576K
}

