# JRE version: OpenJDK Runtime Environment Temurin-21.0.8+9 (21.0.8+9) (build 21.0.8+9-LTS)
# Java VM: OpenJDK 64-Bit Server VM Temurin-21.0.8+9 (21.0.8+9-LTS, mixed mode, sharing, tiered, compressed oops, compressed class ptrs, g1 gc, windows-amd64)
GC Precious Log:
 CardTable entry size: 512
 Card Set container configuration: InlinePtr #cards 4 size 8 Array Of Cards #cards 16 size 48 Howl #buckets 8 coarsen threshold 3686 Howl Bitmap #cards 512 size 80 coarsen threshold 460 Card regions per heap region 1 cards per card region 4096
 CPUs: 8 total, 8 available
 Memory: 7860M
 Large Page Support: Disabled
 NUMA Support: Disabled
 Compressed Oops: Enabled (Zero based)
 Heap Region Size: 2M
 Heap Min Capacity: 8M
 Heap Initial Capacity: 124M
 Heap Max Capacity: 4G
 Pre-touch: Disabled
 Parallel Workers: 8
 Concurrent Workers: 2
 Concurrent Refinement Workers: 8
 Periodic GC: Disabled
Heap:
 garbage-first heap   total 1019904K, used 365832K [0x0000000700000000, 0x0000000800000000)
  region size 2048K, 21 young (43008K), 21 survivors (43008K)
 Metaspace       used 9261K, committed 9728K, reserved 1114112K
  class space    used 869K, committed 1088K, reserved 1048576K
GC Heap History (20 events):
Event: 4.563 GC heap after
{Heap after GC invocations=12 (full 0):
 garbage-first heap   total 505856K, used 292864K [0x0000000700000000, 0x0000000800000000)
  region size 2048K, 9 young (18432K), 9 survivors (18432K)
 Metaspace       used 6676K, committed 7040K, reserved 1114112K
  class space    used 692K, committed 832K, reserved 1048576K
}
Event: 4.871 GC heap before
{Heap before GC invocations=12 (full 0):
 garbage-first heap   total 505856K, used 397312K [0x0000000700000000, 0x0000000800000000)
  region size 2048K, 61 young (124928K), 9 survivors (18432K)
 Metaspace       used 7758K, committed 8192K, reserved 1114112K
  class space    used 827K, committed 1024K, reserved 1048576K
}
Event: 4.885 GC heap after
{Heap after GC invocations=13 (full 0):
 garbage-first heap   total 505856K, used 302532K [0x0000000700000000, 0x0000000800000000)
  region size 2048K, 3 young (6144K), 3 survivors (6144K)
 Metaspace       used 7758K, committed 8192K, reserved 1114112K
  class space    used 827K, committed 1024K, reserved 1048576K
}
Event: 5.237 GC heap before
{Heap before GC invocations=13 (full 0):
 garbage-first heap   total 505856K, used 411076K [0x0000000700000000, 0x0000000800000000)
  region size 2048K, 56 young (114688K), 3 survivors (6144K)
 Metaspace       used 8002K, committed 8512K, reserved 1114112K
  class space    used 834K, committed 1088K, reserved 1048576K
}
Event: 5.242 GC heap after
{Heap after GC invocations=14 (full 0):
 garbage-first heap   total 505856K, used 303464K [0x0000000700000000, 0x0000000800000000)
  region size 2048K, 3 young (6144K), 3 survivors (6144K)
 Metaspace       used 8002K, committed 8512K, reserved 1114112K
  class space    used 834K, committed 1088K, reserved 1048576K
}
Event: 5.520 GC heap before
{Heap before GC invocations=15 (full 0):
 garbage-first heap   total 509952K, used 420200K [0x0000000700000000, 0x0000000800000000)
  region size 2048K, 60 young (122880K), 3 survivors (6144K)
 Metaspace       used 8182K, committed 8704K, reserved 1114112K
  class space    used 835K, committed 1088K, reserved 1048576K
}
Event: 5.527 GC heap after
{Heap after GC invocations=16 (full 0):
 garbage-first heap   total 509952K, used 306682K [0x0000000700000000, 0x0000000800000000)
  region size 2048K, 5 young (10240K), 5 survivors (10240K)
 Metaspace       used 8182K, committed 8704K, reserved 1114112K
  class space    used 835K, committed 1088K, reserved 1048576K
}
Event: 5.673 GC heap before
{Heap before GC invocations=16 (full 0):
 garbage-first heap   total 509952K, used 433658K [0x0000000700000000, 0x0000000800000000)
  region size 2048K, 67 young (137216K), 5 survivors (10240K)
 Metaspace       used 8183K, committed 8704K, reserved 1114112K
  class space    used 835K, committed 1088K, reserved 1048576K
}
Event: 5.688 GC heap after
{Heap after GC invocations=17 (full 0):
 garbage-first heap   total 1019904K, used 305027K [0x0000000700000000, 0x0000000800000000)
  region size 2048K, 6 young (12288K), 6 survivors (12288K)
 Metaspace       used 8183K, committed 8704K, reserved 1114112K
  class space    used 835K, committed 1088K, reserved 1048576K
}
Event: 7.277 GC heap before
{Heap before GC invocations=17 (full 0):
 garbage-first heap   total 1019904K, used 735107K [0x0000000700000000, 0x0000000800000000)
  region size 2048K, 217 young (444416K), 6 survivors (12288K)
 Metaspace       used 8642K, committed 9152K, reserved 1114112K
  class space    used 839K, committed 1088K, reserved 1048576K
}
Event: 7.381 GC heap after
{Heap after GC invocations=18 (full 0):
 garbage-first heap   total 1019904K, used 313863K [0x0000000700000000, 0x0000000800000000)
  region size 2048K, 10 young (20480K), 10 survivors (20480K)
 Metaspace       used 8642K, committed 9152K, reserved 1114112K
  class space    used 839K, committed 1088K, reserved 1048576K
}
Event: 8.833 GC heap before
{Heap before GC invocations=18 (full 0):
 garbage-first heap   total 1019904K, used 903687K [0x0000000700000000, 0x0000000800000000)
  region size 2048K, 298 young (610304K), 10 survivors (20480K)
 Metaspace       used 8889K, committed 9408K, reserved 1114112K
  class space    used 840K, committed 1088K, reserved 1048576K
}
Event: 8.872 GC heap after
{Heap after GC invocations=19 (full 0):
 garbage-first heap   total 1019904K, used 326076K [0x0000000700000000, 0x0000000800000000)
  region size 2048K, 16 young (32768K), 16 survivors (32768K)
 Metaspace       used 8889K, committed 9408K, reserved 1114112K
  class space    used 840K, committed 1088K, reserved 1048576K
}
Event: 10.213 GC heap before
{Heap before GC invocations=19 (full 0):
 garbage-first heap   total 1019904K, used 901564K [0x0000000700000000, 0x0000000800000000)
  region size 2048K, 298 young (610304K), 16 survivors (32768K)
 Metaspace       used 9093K, committed 9536K, reserved 1114112K
  class space    used 863K, committed 1088K, reserved 1048576K
}
Event: 10.242 GC heap after
{Heap after GC invocations=20 (full 0):
 garbage-first heap   total 1019904K, used 339813K [0x0000000700000000, 0x0000000800000000)
  region size 2048K, 23 young (47104K), 23 survivors (47104K)
 Metaspace       used 9093K, committed 9536K, reserved 1114112K
  class space    used 863K, committed 1088K, reserved 1048576K
}
Event: 10.636 GC heap before
{Heap before GC invocations=20 (full 0):
 garbage-first heap   total 1019904K, used 900965K [0x0000000700000000, 0x0000000800000000)
  region size 2048K, 298 young (610304K), 23 survivors (47104K)
 Metaspace       used 9163K, committed 9664K, reserved 1114112K
  class space    used 865K, committed 1088K, reserved 1048576K
}
Event: 10.681 GC heap after
{Heap after GC invocations=21 (full 0):
 garbage-first heap   total 1019904K, used 355420K [0x0000000700000000, 0x0000000800000000)
  region size 2048K, 28 young (57344K), 28 survivors (57344K)
 Metaspace       used 9163K, committed 9664K, reserved 1114112K
  class space    used 865K, committed 1088K, reserved 1048576K
}
Event: 11.037 GC heap before
{Heap before GC invocations=21 (full 0):
 garbage-first heap   total 1019904K, used 908380K [0x0000000700000000, 0x0000000800000000)
  region size 2048K, 298 young (610304K), 28 survivors (57344K)
 Metaspace       used 9194K, committed 9664K, reserved 1114112K
  class space    used 865K, committed 1088K, reserved 1048576K
}
Event: 11.074 GC heap after
{Heap after GC invocations=22 (full 0):
 garbage-first heap   total 1019904K, used 364852K [0x0000000700000000, 0x0000000800000000)
  region size 2048K, 20 young (40960K), 20 survivors (40960K)
 Metaspace       used 9194K, committed 9664K, reserved 1114112K
  class space    used 865K, committed 1088K, reserved 1048576K
}
Event: 11.413 GC heap before
{Heap before GC invocations=22 (full 0):
 garbage-first heap   total 1019904K, used 923956K [0x0000000700000000, 0x0000000800000000)
  region size 2048K, 293 young (600064K), 20 survivors (40960K)
 Metaspace       used 9261K, committed 9728K, reserved 1114112K
  class space    used 869K, committed 1088K, reserved 1048576K
}

