# JRE version: OpenJDK Runtime Environment Temurin-21.0.8+9 (21.0.8+9) (build 21.0.8+9-LTS)
# Java VM: OpenJDK 64-Bit Server VM Temurin-21.0.8+9 (21.0.8+9-LTS, mixed mode, sharing, tiered, compressed oops, compressed class ptrs, g1 gc, windows-amd64)
GC Precious Log:
 CardTable entry size: 512
 Card Set container configuration: InlinePtr #cards 4 size 8 Array Of Cards #cards 16 size 48 Howl #buckets 8 coarsen threshold 3686 Howl Bitmap #cards 512 size 80 coarsen threshold 460 Card regions per heap region 1 cards per card region 4096
 CPUs: 8 total, 8 available
 Memory: 7860M
 Large Page Support: Disabled
 NUMA Support: Disabled
 Compressed Oops: Enabled (Zero based)
 Heap Region Size: 2M
 Heap Min Capacity: 8M
 Heap Initial Capacity: 124M
 Heap Max Capacity: 4G
 Pre-touch: Disabled
 Parallel Workers: 8
 Concurrent Workers: 2
 Concurrent Refinement Workers: 8
 Periodic GC: Disabled
Heap:
 garbage-first heap   total 763904K, used 352516K [0x0000000700000000, 0x0000000800000000)
  region size 2048K, 18 young (36864K), 18 survivors (36864K)
 Metaspace       used 8968K, committed 9472K, reserved 1114112K
  class space    used 821K, committed 1088K, reserved 1048576K
GC Heap History (20 events):
Event: 6.543 GC heap after
{Heap after GC invocations=16 (full 0):
 garbage-first heap   total 602112K, used 293370K [0x0000000700000000, 0x0000000800000000)
  region size 2048K, 11 young (22528K), 11 survivors (22528K)
 Metaspace       used 7198K, committed 7680K, reserved 1114112K
  class space    used 799K, committed 1024K, reserved 1048576K
}
Event: 7.002 GC heap before
{Heap before GC invocations=16 (full 0):
 garbage-first heap   total 602112K, used 432634K [0x0000000700000000, 0x0000000800000000)
  region size 2048K, 79 young (161792K), 11 survivors (22528K)
 Metaspace       used 7774K, committed 8256K, reserved 1114112K
  class space    used 830K, committed 1088K, reserved 1048576K
}
Event: 7.029 GC heap after
{Heap after GC invocations=17 (full 0):
 garbage-first heap   total 602112K, used 298908K [0x0000000700000000, 0x0000000800000000)
  region size 2048K, 3 young (6144K), 3 survivors (6144K)
 Metaspace       used 7774K, committed 8256K, reserved 1114112K
  class space    used 830K, committed 1088K, reserved 1048576K
}
Event: 7.359 GC heap before
{Heap before GC invocations=17 (full 0):
 garbage-first heap   total 602112K, used 450460K [0x0000000700000000, 0x0000000800000000)
  region size 2048K, 77 young (157696K), 3 survivors (6144K)
 Metaspace       used 8038K, committed 8512K, reserved 1114112K
  class space    used 833K, committed 1088K, reserved 1048576K
}
Event: 7.366 GC heap after
{Heap after GC invocations=18 (full 0):
 garbage-first heap   total 602112K, used 300548K [0x0000000700000000, 0x0000000800000000)
  region size 2048K, 4 young (8192K), 4 survivors (8192K)
 Metaspace       used 8038K, committed 8512K, reserved 1114112K
  class space    used 833K, committed 1088K, reserved 1048576K
}
Event: 7.787 GC heap before
{Heap before GC invocations=18 (full 0):
 garbage-first heap   total 602112K, used 466436K [0x0000000700000000, 0x0000000800000000)
  region size 2048K, 86 young (176128K), 4 survivors (8192K)
 Metaspace       used 8142K, committed 8640K, reserved 1114112K
  class space    used 833K, committed 1088K, reserved 1048576K
}
Event: 7.798 GC heap after
{Heap after GC invocations=19 (full 0):
 garbage-first heap   total 602112K, used 304441K [0x0000000700000000, 0x0000000800000000)
  region size 2048K, 6 young (12288K), 6 survivors (12288K)
 Metaspace       used 8142K, committed 8640K, reserved 1114112K
  class space    used 833K, committed 1088K, reserved 1048576K
}
Event: 8.217 GC heap before
{Heap before GC invocations=19 (full 0):
 garbage-first heap   total 602112K, used 482617K [0x0000000700000000, 0x0000000800000000)
  region size 2048K, 94 young (192512K), 6 survivors (12288K)
 Metaspace       used 8192K, committed 8704K, reserved 1114112K
  class space    used 837K, committed 1088K, reserved 1048576K
}
Event: 8.247 GC heap after
{Heap after GC invocations=20 (full 0):
 garbage-first heap   total 763904K, used 307679K [0x0000000700000000, 0x0000000800000000)
  region size 2048K, 7 young (14336K), 7 survivors (14336K)
 Metaspace       used 8192K, committed 8704K, reserved 1114112K
  class space    used 837K, committed 1088K, reserved 1048576K
}
Event: 10.240 GC heap before
{Heap before GC invocations=21 (full 0):
 garbage-first heap   total 763904K, used 651743K [0x0000000700000000, 0x0000000800000000)
  region size 2048K, 176 young (360448K), 7 survivors (14336K)
 Metaspace       used 8440K, committed 8960K, reserved 1114112K
  class space    used 796K, committed 1088K, reserved 1048576K
}
Event: 10.299 GC heap after
{Heap after GC invocations=22 (full 0):
 garbage-first heap   total 763904K, used 314948K [0x0000000700000000, 0x0000000800000000)
  region size 2048K, 11 young (22528K), 11 survivors (22528K)
 Metaspace       used 8440K, committed 8960K, reserved 1114112K
  class space    used 796K, committed 1088K, reserved 1048576K
}
Event: 11.284 GC heap before
{Heap before GC invocations=22 (full 0):
 garbage-first heap   total 763904K, used 677444K [0x0000000700000000, 0x0000000800000000)
  region size 2048K, 189 young (387072K), 11 survivors (22528K)
 Metaspace       used 8579K, committed 9152K, reserved 1114112K
  class space    used 796K, committed 1088K, reserved 1048576K
}
Event: 11.421 GC heap after
{Heap after GC invocations=23 (full 0):
 garbage-first heap   total 763904K, used 320779K [0x0000000700000000, 0x0000000800000000)
  region size 2048K, 15 young (30720K), 15 survivors (30720K)
 Metaspace       used 8579K, committed 9152K, reserved 1114112K
  class space    used 796K, committed 1088K, reserved 1048576K
}
Event: 12.412 GC heap before
{Heap before GC invocations=23 (full 0):
 garbage-first heap   total 763904K, used 689419K [0x0000000700000000, 0x0000000800000000)
  region size 2048K, 196 young (401408K), 15 survivors (30720K)
 Metaspace       used 8745K, committed 9216K, reserved 1114112K
  class space    used 818K, committed 1088K, reserved 1048576K
}
Event: 12.522 GC heap after
{Heap after GC invocations=24 (full 0):
 garbage-first heap   total 763904K, used 326309K [0x0000000700000000, 0x0000000800000000)
  region size 2048K, 17 young (34816K), 17 survivors (34816K)
 Metaspace       used 8745K, committed 9216K, reserved 1114112K
  class space    used 818K, committed 1088K, reserved 1048576K
}
Event: 13.578 GC heap before
{Heap before GC invocations=24 (full 0):
 garbage-first heap   total 763904K, used 682661K [0x0000000700000000, 0x0000000800000000)
  region size 2048K, 192 young (393216K), 17 survivors (34816K)
 Metaspace       used 8881K, committed 9344K, reserved 1114112K
  class space    used 821K, committed 1088K, reserved 1048576K
}
Event: 13.712 GC heap after
{Heap after GC invocations=25 (full 0):
 garbage-first heap   total 763904K, used 333688K [0x0000000700000000, 0x0000000800000000)
  region size 2048K, 17 young (34816K), 17 survivors (34816K)
 Metaspace       used 8881K, committed 9344K, reserved 1114112K
  class space    used 821K, committed 1088K, reserved 1048576K
}
Event: 14.581 GC heap before
{Heap before GC invocations=25 (full 0):
 garbage-first heap   total 763904K, used 685944K [0x0000000700000000, 0x0000000800000000)
  region size 2048K, 190 young (389120K), 17 survivors (34816K)
 Metaspace       used 8940K, committed 9408K, reserved 1114112K
  class space    used 821K, committed 1088K, reserved 1048576K
}
Event: 14.761 GC heap after
{Heap after GC invocations=26 (full 0):
 garbage-first heap   total 763904K, used 341328K [0x0000000700000000, 0x0000000800000000)
  region size 2048K, 16 young (32768K), 16 survivors (32768K)
 Metaspace       used 8940K, committed 9408K, reserved 1114112K
  class space    used 821K, committed 1088K, reserved 1048576K
}
Event: 15.538 GC heap before
{Heap before GC invocations=26 (full 0):
 garbage-first heap   total 763904K, used 685392K [0x0000000700000000, 0x0000000800000000)
  region size 2048K, 185 young (378880K), 16 survivors (32768K)
 Metaspace       used 8968K, committed 9472K, reserved 1114112K
  class space    used 821K, committed 1088K, reserved 1048576K
}

