# JRE version: OpenJDK Runtime Environment Temurin-21.0.8+9 (21.0.8+9) (build 21.0.8+9-LTS)
# Java VM: OpenJDK 64-Bit Server VM Temurin-21.0.8+9 (21.0.8+9-LTS, mixed mode, sharing, tiered, compressed oops, compressed class ptrs, g1 gc, windows-amd64)
GC Precious Log:
 CardTable entry size: 512
 Card Set container configuration: InlinePtr #cards 4 size 8 Array Of Cards #cards 16 size 48 Howl #buckets 8 coarsen threshold 3686 Howl Bitmap #cards 512 size 80 coarsen threshold 460 Card regions per heap region 1 cards per card region 4096
 CPUs: 8 total, 8 available
 Memory: 7860M
 Large Page Support: Disabled
 NUMA Support: Disabled
 Compressed Oops: Enabled (Zero based)
 Heap Region Size: 2M
 Heap Min Capacity: 8M
 Heap Initial Capacity: 124M
 Heap Max Capacity: 4G
 Pre-touch: Disabled
 Parallel Workers: 8
 Concurrent Workers: 2
 Concurrent Refinement Workers: 8
 Periodic GC: Disabled
Heap:
 garbage-first heap   total 989184K, used 393216K [0x0000000700000000, 0x0000000800000000)
  region size 2048K, 23 young (47104K), 23 survivors (47104K)
 Metaspace       used 9292K, committed 9792K, reserved 1114112K
  class space    used 875K, committed 1088K, reserved 1048576K
GC Heap History (20 events):
Event: 6.231 GC heap after
{Heap after GC invocations=17 (full 0):
 garbage-first heap   total 720896K, used 312310K [0x0000000700000000, 0x0000000800000000)
  region size 2048K, 6 young (12288K), 6 survivors (12288K)
 Metaspace       used 8420K, committed 8960K, reserved 1114112K
  class space    used 844K, committed 1088K, reserved 1048576K
}
Event: 6.526 GC heap before
{Heap before GC invocations=17 (full 0):
 garbage-first heap   total 720896K, used 629750K [0x0000000700000000, 0x0000000800000000)
  region size 2048K, 162 young (331776K), 6 survivors (12288K)
 Metaspace       used 8490K, committed 9024K, reserved 1114112K
  class space    used 845K, committed 1088K, reserved 1048576K
}
Event: 6.540 GC heap after
{Heap after GC invocations=18 (full 0):
 garbage-first heap   total 720896K, used 315531K [0x0000000700000000, 0x0000000800000000)
  region size 2048K, 10 young (20480K), 10 survivors (20480K)
 Metaspace       used 8490K, committed 9024K, reserved 1114112K
  class space    used 845K, committed 1088K, reserved 1048576K
}
Event: 6.848 GC heap before
{Heap before GC invocations=18 (full 0):
 garbage-first heap   total 720896K, used 649355K [0x0000000700000000, 0x0000000800000000)
  region size 2048K, 173 young (354304K), 10 survivors (20480K)
 Metaspace       used 8751K, committed 9216K, reserved 1114112K
  class space    used 845K, committed 1088K, reserved 1048576K
}
Event: 6.875 GC heap after
{Heap after GC invocations=19 (full 0):
 garbage-first heap   total 720896K, used 323398K [0x0000000700000000, 0x0000000800000000)
  region size 2048K, 14 young (28672K), 14 survivors (28672K)
 Metaspace       used 8751K, committed 9216K, reserved 1114112K
  class space    used 845K, committed 1088K, reserved 1048576K
}
Event: 7.152 GC heap before
{Heap before GC invocations=19 (full 0):
 garbage-first heap   total 720896K, used 649030K [0x0000000700000000, 0x0000000800000000)
  region size 2048K, 174 young (356352K), 14 survivors (28672K)
 Metaspace       used 8984K, committed 9408K, reserved 1114112K
  class space    used 869K, committed 1088K, reserved 1048576K
}
Event: 7.173 GC heap after
{Heap after GC invocations=20 (full 0):
 garbage-first heap   total 720896K, used 333182K [0x0000000700000000, 0x0000000800000000)
  region size 2048K, 17 young (34816K), 17 survivors (34816K)
 Metaspace       used 8984K, committed 9408K, reserved 1114112K
  class space    used 869K, committed 1088K, reserved 1048576K
}
Event: 7.384 GC heap before
{Heap before GC invocations=20 (full 0):
 garbage-first heap   total 720896K, used 644478K [0x0000000700000000, 0x0000000800000000)
  region size 2048K, 169 young (346112K), 17 survivors (34816K)
 Metaspace       used 9065K, committed 9536K, reserved 1114112K
  class space    used 869K, committed 1088K, reserved 1048576K
}
Event: 7.408 GC heap after
{Heap after GC invocations=21 (full 0):
 garbage-first heap   total 989184K, used 335663K [0x0000000700000000, 0x0000000800000000)
  region size 2048K, 11 young (22528K), 11 survivors (22528K)
 Metaspace       used 9065K, committed 9536K, reserved 1114112K
  class space    used 869K, committed 1088K, reserved 1048576K
}
Event: 8.395 GC heap before
{Heap before GC invocations=21 (full 0):
 garbage-first heap   total 989184K, used 902959K [0x0000000700000000, 0x0000000800000000)
  region size 2048K, 289 young (591872K), 11 survivors (22528K)
 Metaspace       used 9119K, committed 9600K, reserved 1114112K
  class space    used 871K, committed 1088K, reserved 1048576K
}
Event: 8.810 GC heap after
{Heap after GC invocations=22 (full 0):
 garbage-first heap   total 989184K, used 346768K [0x0000000700000000, 0x0000000800000000)
  region size 2048K, 16 young (32768K), 16 survivors (32768K)
 Metaspace       used 9119K, committed 9600K, reserved 1114112K
  class space    used 871K, committed 1088K, reserved 1048576K
}
Event: 8.827 GC heap before
{Heap before GC invocations=22 (full 0):
 garbage-first heap   total 989184K, used 363152K [0x0000000700000000, 0x0000000800000000)
  region size 2048K, 24 young (49152K), 16 survivors (32768K)
 Metaspace       used 9125K, committed 9600K, reserved 1114112K
  class space    used 871K, committed 1088K, reserved 1048576K
}
Event: 8.849 GC heap after
{Heap after GC invocations=23 (full 0):
 garbage-first heap   total 989184K, used 352256K [0x0000000700000000, 0x0000000800000000)
  region size 2048K, 3 young (6144K), 3 survivors (6144K)
 Metaspace       used 9125K, committed 9600K, reserved 1114112K
  class space    used 871K, committed 1088K, reserved 1048576K
}
Event: 9.527 GC heap before
{Heap before GC invocations=23 (full 0):
 garbage-first heap   total 989184K, used 929792K [0x0000000700000000, 0x0000000800000000)
  region size 2048K, 286 young (585728K), 3 survivors (6144K)
 Metaspace       used 9202K, committed 9664K, reserved 1114112K
  class space    used 871K, committed 1088K, reserved 1048576K
}
Event: 9.537 GC heap after
{Heap after GC invocations=24 (full 0):
 garbage-first heap   total 989184K, used 367412K [0x0000000700000000, 0x0000000800000000)
  region size 2048K, 11 young (22528K), 11 survivors (22528K)
 Metaspace       used 9202K, committed 9664K, reserved 1114112K
  class space    used 871K, committed 1088K, reserved 1048576K
}
Event: 10.072 GC heap before
{Heap before GC invocations=24 (full 0):
 garbage-first heap   total 989184K, used 912180K [0x0000000700000000, 0x0000000800000000)
  region size 2048K, 278 young (569344K), 11 survivors (22528K)
 Metaspace       used 9227K, committed 9664K, reserved 1114112K
  class space    used 873K, committed 1088K, reserved 1048576K
}
Event: 10.085 GC heap after
{Heap after GC invocations=25 (full 0):
 garbage-first heap   total 989184K, used 363771K [0x0000000700000000, 0x0000000800000000)
  region size 2048K, 9 young (18432K), 9 survivors (18432K)
 Metaspace       used 9227K, committed 9664K, reserved 1114112K
  class space    used 873K, committed 1088K, reserved 1048576K
}
Event: 10.486 GC heap before
{Heap before GC invocations=25 (full 0):
 garbage-first heap   total 989184K, used 916731K [0x0000000700000000, 0x0000000800000000)
  region size 2048K, 280 young (573440K), 9 survivors (18432K)
 Metaspace       used 9282K, committed 9792K, reserved 1114112K
  class space    used 875K, committed 1088K, reserved 1048576K
}
Event: 10.509 GC heap after
{Heap after GC invocations=26 (full 0):
 garbage-first heap   total 989184K, used 378880K [0x0000000700000000, 0x0000000800000000)
  region size 2048K, 16 young (32768K), 16 survivors (32768K)
 Metaspace       used 9282K, committed 9792K, reserved 1114112K
  class space    used 875K, committed 1088K, reserved 1048576K
}
Event: 10.769 GC heap before
{Heap before GC invocations=26 (full 0):
 garbage-first heap   total 989184K, used 903168K [0x0000000700000000, 0x0000000800000000)
  region size 2048K, 273 young (559104K), 16 survivors (32768K)
 Metaspace       used 9292K, committed 9792K, reserved 1114112K
  class space    used 875K, committed 1088K, reserved 1048576K
}

